1583520496663	mozrunner::runner	INFO	Running command: "/usr/bin/firefox" "-marionette" "-headless" "-foreground" "-no-remote" "-profile" "/tmp/rust_mozprofileGmK3vD"
*** You are running in headless mode.
1583520499461	addons.webextension.doh-rollout@mozilla.org	WARN	Loading extension 'doh-rollout@mozilla.org': Reading manifest: Invalid extension permission: networkStatus
1583520502099	addons.webextension.screenshots@mozilla.org	WARN	Loading extension 'screenshots@mozilla.org': Reading manifest: Invalid extension permission: mozillaAddons
1583520502100	addons.webextension.screenshots@mozilla.org	WARN	Loading extension 'screenshots@mozilla.org': Reading manifest: Invalid extension permission: telemetry
1583520502100	addons.webextension.screenshots@mozilla.org	WARN	Loading extension 'screenshots@mozilla.org': Reading manifest: Invalid extension permission: resource://pdf.js/
1583520502101	addons.webextension.screenshots@mozilla.org	WARN	Loading extension 'screenshots@mozilla.org': Reading manifest: Invalid extension permission: about:reader*
1583520512743	Marionette	INFO	Listening on port 45675
1583520512891	Marionette	WARN	TLS certificate errors will be ignored for this session
JavaScript warning: https://aeis.alicdn.com/AWSC/WebUMID/1.79.2/um.js?d=6, line 5: Error: WebGL warning: <SetDimensions>: Can't use WebGL in headless mode (https://bugzil.la/1375585).
JavaScript warning: https://aeis.alicdn.com/AWSC/WebUMID/1.79.2/um.js?d=6, line 5: Error: WebGL warning: <SetDimensions>: Failed to create WebGL context: WebGL creation failed: 
* Can't use WebGL in headless mode (https://bugzil.la/1375585).
JavaScript warning: https://aeis.alicdn.com/AWSC/WebUMID/1.79.2/um.js?d=6, line 6: Error: WebGL warning: <SetDimensions>: Can't use WebGL in headless mode (https://bugzil.la/1375585).
JavaScript warning: https://aeis.alicdn.com/AWSC/WebUMID/1.79.2/um.js?d=6, line 6: Error: WebGL warning: <SetDimensions>: Failed to create WebGL context: WebGL creation failed: 
* Can't use WebGL in headless mode (https://bugzil.la/1375585).
1583520534052	Marionette	INFO	Stopped listening on port 45675
JavaScript error: , line 0: uncaught exception: No user data in cache
JavaScript error: resource:///modules/sessionstore/SessionStore.jsm, line 5162: NS_ERROR_UNEXPECTED: Component returned failure code: 0x8000ffff (NS_ERROR_UNEXPECTED) [nsIWindowMediator.getEnumerator]
1583520602026	mozrunner::runner	INFO	Running command: "/usr/bin/firefox" "-marionette" "-headless" "-foreground" "-no-remote" "-profile" "/tmp/rust_mozprofileu6Metf"
*** You are running in headless mode.
1583520603443	addons.webextension.doh-rollout@mozilla.org	WARN	Loading extension 'doh-rollout@mozilla.org': Reading manifest: Invalid extension permission: networkStatus
1583520605951	addons.webextension.screenshots@mozilla.org	WARN	Loading extension 'screenshots@mozilla.org': Reading manifest: Invalid extension permission: mozillaAddons
1583520605952	addons.webextension.screenshots@mozilla.org	WARN	Loading extension 'screenshots@mozilla.org': Reading manifest: Invalid extension permission: telemetry
1583520605952	addons.webextension.screenshots@mozilla.org	WARN	Loading extension 'screenshots@mozilla.org': Reading manifest: Invalid extension permission: resource://pdf.js/
1583520605953	addons.webextension.screenshots@mozilla.org	WARN	Loading extension 'screenshots@mozilla.org': Reading manifest: Invalid extension permission: about:reader*
1583520611804	Marionette	INFO	Listening on port 46005
1583520611911	Marionette	WARN	TLS certificate errors will be ignored for this session
JavaScript warning: https://aeis.alicdn.com/AWSC/WebUMID/1.79.2/um.js?d=6, line 5: Error: WebGL warning: <SetDimensions>: Can't use WebGL in headless mode (https://bugzil.la/1375585).
JavaScript warning: https://aeis.alicdn.com/AWSC/WebUMID/1.79.2/um.js?d=6, line 5: Error: WebGL warning: <SetDimensions>: Failed to create WebGL context: WebGL creation failed: 
* Can't use WebGL in headless mode (https://bugzil.la/1375585).
JavaScript warning: https://aeis.alicdn.com/AWSC/WebUMID/1.79.2/um.js?d=6, line 6: Error: WebGL warning: <SetDimensions>: Can't use WebGL in headless mode (https://bugzil.la/1375585).
JavaScript warning: https://aeis.alicdn.com/AWSC/WebUMID/1.79.2/um.js?d=6, line 6: Error: WebGL warning: <SetDimensions>: Failed to create WebGL context: WebGL creation failed: 
* Can't use WebGL in headless mode (https://bugzil.la/1375585).
1583520630476	Marionette	INFO	Stopped listening on port 46005
JavaScript warning: https://assets.alicdn.com/g/secdev/sufei_data/3.8.3/index.js, line 1: Error: WebGL warning: <SetDimensions>: Can't use WebGL in headless mode (https://bugzil.la/1375585).
JavaScript warning: https://assets.alicdn.com/g/secdev/sufei_data/3.8.3/index.js, line 1: Error: WebGL warning: <SetDimensions>: Failed to create WebGL context: WebGL creation failed: 
* Can't use WebGL in headless mode (https://bugzil.la/1375585).
JavaScript error: resource:///modules/sessionstore/SessionStore.jsm, line 5162: NS_ERROR_UNEXPECTED: Component returned failure code: 0x8000ffff (NS_ERROR_UNEXPECTED) [nsIWindowMediator.getEnumerator]
